<?xml version="1.0" encoding="UTF-8"?>
<!-- Generated by org.testng.reporters.JUnitXMLReporter -->
<testsuite ignored="6" hostname="tharuns-Air.lan" failures="0" tests="15" name="AuthenticationTests" time="28.514" errors="0" timestamp="2025-09-08T01:56:15 IST">
  <testcase classname="testcases.testAuthentication" name="testInvalidPasswordLogin" time="7.572"/>
  <testcase classname="testcases.testAuthentication" name="testInvalidUsernameLogin" time="2.806"/>
  <testcase classname="testcases.testAuthentication" name="testValidUserLogin" time="3.05"/>
  <testcase classname="testcases.testProducts" name="testFilterLowToHigh" time="2.392"/>
  <testcase classname="testcases.testProducts" name="testAddSingleProduct" time="0.901"/>
  <testcase classname="testcases.testProducts" name="testAddMultipleProducts" time="3.23"/>
  <testcase classname="testcases.testProducts" name="testProductDetails" time="1.213"/>
  <testcase classname="testcases.testCart" name="testCartPageUrl" time="0.01"/>
  <testcase classname="testcases.testCart" name="testRemoveProduct" time="0.259"/>
  <testcase classname="testcases.testCart" name="testContinueShoppingButton" time="0.683"/>
  <testcase classname="testcases.testCart" name="testCheckOutButton" time="0.682"/>
  <testcase classname="testcases.testCheckOut" name="testMandatoryFieldsValidation" time="1.499"/>
  <testcase classname="testcases.testCheckOut" name="testValidCheckoutNavigatesToOverview" time="3.1"/>
  <testcase classname="testcases.testCheckOut" name="testItemDetailsOnOverview" time="0.126"/>
  <testcase classname="testcases.testCheckOut" name="testCheckoutCompletion" time="0.818"/>
  <testcase classname="testcases.BaseTest" name="@AfterSuite teardown" time="0.0">
    <ignored/>
  </testcase> <!-- @AfterSuite teardown -->
  <testcase classname="testcases.BaseTest" name="@AfterSuite teardown" time="0.0">
    <ignored/>
  </testcase> <!-- @AfterSuite teardown -->
  <testcase classname="testcases.BaseTest" name="@AfterSuite teardown" time="0.0">
    <ignored/>
  </testcase> <!-- @AfterSuite teardown -->
  <testcase classname="testcases.BaseTest" name="@BeforeSuite setup" time="0.0">
    <ignored/>
  </testcase> <!-- @BeforeSuite setup -->
  <testcase classname="testcases.BaseTest" name="@BeforeSuite setup" time="0.0">
    <ignored/>
  </testcase> <!-- @BeforeSuite setup -->
  <testcase classname="testcases.BaseTest" name="@BeforeSuite setup" time="0.0">
    <ignored/>
  </testcase> <!-- @BeforeSuite setup -->
</testsuite> <!-- AuthenticationTests -->
