<?xml version="1.0" encoding="UTF-8"?>
<!-- Generated by org.testng.reporters.JUnitReportReporter -->
<testsuite hostname="tharuns-MacBook-Air.local" failures="0" tests="1" name="runners.TestRunner" time="6.758" errors="1" timestamp="2025-09-08T10:34:23 IST" skipped="0">
  <testcase classname="runners.TestRunner" name="runScenario" time="6.758">
    <error message="Cannot invoke &quot;org.openqa.selenium.WebDriver.findElement(org.openqa.selenium.By)&quot; because &quot;this.driver&quot; is null" type="java.lang.NullPointerException">
      <![CDATA[java.lang.NullPointerException: Cannot invoke "org.openqa.selenium.WebDriver.findElement(org.openqa.selenium.By)" because "this.driver" is null
at pages.AuthenticationPage.isLoginButtonDisplayed(AuthenticationPage.java:64)
at definitions.StepDefinitions.user_is_on_login_page(StepDefinitions.java:27)
at ✽.user is on login page(file:///Users/tharunsmacbook/eclipse-workspace/SauceDemo/src/test/resources/features/inventory.feature:4)
]]>
    </error>
  </testcase> <!-- runScenario -->
</testsuite> <!-- runners.TestRunner -->
