<?xml version="1.0" encoding="UTF-8"?>
<!-- Generated by org.testng.reporters.JUnitXMLReporter -->
<testsuite ignored="6" hostname="tharuns-MacBook-Air.local" failures="0" tests="15" name="Tests" time="20.161" errors="0" timestamp="2025-09-08T10:45:50 IST">
  <testcase classname="testcases.testAuthentication" name="testInvalidPasswordLogin" time="5.643"/>
  <testcase classname="testcases.testAuthentication" name="testInvalidUsernameLogin" time="2.028"/>
  <testcase classname="testcases.testAuthentication" name="testValidUserLogin" time="2.25"/>
  <testcase classname="testcases.testProducts" name="testFilterLowToHigh" time="1.773"/>
  <testcase classname="testcases.testProducts" name="testAddSingleProduct" time="0.532"/>
  <testcase classname="testcases.testProducts" name="testAddMultipleProducts" time="1.961"/>
  <testcase classname="testcases.testProducts" name="testProductDetails" time="0.782"/>
  <testcase classname="testcases.testCart" name="testCartPageUrl" time="0.01"/>
  <testcase classname="testcases.testCart" name="testRemoveProduct" time="0.171"/>
  <testcase classname="testcases.testCart" name="testContinueShoppingButton" time="0.424"/>
  <testcase classname="testcases.testCart" name="testCheckOutButton" time="0.551"/>
  <testcase classname="testcases.testCheckOut" name="testMandatoryFieldsValidation" time="1.045"/>
  <testcase classname="testcases.testCheckOut" name="testValidCheckoutNavigatesToOverview" time="2.283"/>
  <testcase classname="testcases.testCheckOut" name="testItemDetailsOnOverview" time="0.134"/>
  <testcase classname="testcases.testCheckOut" name="testCheckoutCompletion" time="0.434"/>
  <testcase classname="testcases.BaseTest" name="@BeforeSuite setup" time="0.0">
    <ignored/>
  </testcase> <!-- @BeforeSuite setup -->
  <testcase classname="testcases.BaseTest" name="@AfterSuite teardown" time="0.0">
    <ignored/>
  </testcase> <!-- @AfterSuite teardown -->
  <testcase classname="testcases.BaseTest" name="@BeforeSuite setup" time="0.0">
    <ignored/>
  </testcase> <!-- @BeforeSuite setup -->
  <testcase classname="testcases.BaseTest" name="@AfterSuite teardown" time="0.0">
    <ignored/>
  </testcase> <!-- @AfterSuite teardown -->
  <testcase classname="testcases.BaseTest" name="@BeforeSuite setup" time="0.0">
    <ignored/>
  </testcase> <!-- @BeforeSuite setup -->
  <testcase classname="testcases.BaseTest" name="@AfterSuite teardown" time="0.0">
    <ignored/>
  </testcase> <!-- @AfterSuite teardown -->
</testsuite> <!-- Tests -->
